C51 COMPILER V9.02   01                                                                    03/09/2017 22:24:38 PAGE 1   


C51 COMPILER V9.02, COMPILATION OF MODULE 01
OBJECT MODULE PLACED IN 01.OBJ
COMPILER INVOKED BY: d:\Keil\C51\BIN\C51.EXE 01.c BROWSE DEBUG OBJECTEXTEND

line level    source

   1          
   2          
   3          /********************************************************
   4          ***********************************************       
   5          LCD1602液晶显示实验
   6          说明:     用杜邦线: 1.将P0口与LCD的D0-D7连接起来
   7                    2.将P2.0  接到 
   8                            P2.1 P2.2 分别与RS  WR  E分别连接
   9          
  10          
  11          ********************************************************/
  12          #include<reg52.h>
  13          #include <math.h>
  14          #define uchar unsigned char
  15          #define uint  unsigned int
  16          
  17          #define  LED  P0        //
  18          sbit ADDR0 = P1 ^ 0;
  19          sbit ADDR1 = P1 ^ 1;
  20          sbit ADDR2 = P1 ^ 2;
  21          sbit ADDR3 = P1 ^ 3;
  22          sbit ENLED = P1 ^ 4;
  23           
  24          
  25          void nus_delay(uint nus);
  26          void nms_delay(uint nms);
  27          void delay(uint nms);
  28           
  29          
  30           
  31          
  32          /****************************************************
  33          函数名称:main
  34          功能描述:主函数
  35          输　入: 无
  36          输　出: 无
  37          *****************************************************/
  38          void main1(void)
  39          {
  40   1              uint num = 0;
  41   1              uint index = 0;
  42   1              ENLED = 0;
  43   1              ADDR3 = 1;
  44   1              ADDR2 = 1;
  45   1              ADDR1 = 1;
  46   1              ADDR0 = 0;
  47   1              //设置TMOD 模式
  48   1              TMOD = 0x01;
  49   1              TH0 = 0xB8;
  50   1              TL0 = 0x00;
  51   1      
  52   1          while(1){
  53   2                      
  54   2                //0 0000 0000   1111 1111             
  55   2                //1 0000 0001   1111 1111             1111 1110
C51 COMPILER V9.02   01                                                                    03/09/2017 22:24:38 PAGE 2   

  56   2                //2 0000 0011   1111 1111         1111 1100
  57   2                delay(1);
  58   2                if(index > 8){
  59   3                       index = 0;
  60   3                       num = 0;
  61   3                }
  62   2      
  63   2                num = pow(2,index++);
  64   2                LED = ~num;
  65   2                delay(1);
  66   2          }
  67   1      }
  68           
  69          void delay(uint nms){
  70   1              uint i,j = 0;
  71   1      
  72   1              //设置TMOD 模式
  73   1              TMOD = 0x01;
  74   1              TH0 = 0xB8;
  75   1              TL0 = 0x00;     
  76   1              TR0 = 1;  
  77   1              
  78   1              for(i=0;i<nms;i++){
  79   2                      do{
  80   3                              if(TF0 == 1){
  81   4                                      TF0 = 0;
  82   4                                      TH0 = 0xB8;
  83   4                                      TL0 = 0x00;
  84   4                                      j++;
  85   4                              }
  86   3                      }               
  87   2                      while(j<=50);
  88   2                      
  89   2              }
  90   1                
  91   1      }
  92          
  93          /****************************************************
  94          函数名称:nus_delay
  95          功能描述:微秒级延时子程序
  96          输　入: 无
  97          输　出: 无
  98          说明:   
  99          晶振为11.0592M时  
 100          
 101          *****************************************************/
 102          void nus_delay(uint nus)
 103          {
 104   1          int j=10;
 105   1          while(nus--)
 106   1          {
 107   2             while(j--);
 108   2                 j=10;
 109   2          }
 110   1      }
 111          /****************************************************
 112          函数名称:nms_delay
 113          功能描述:毫秒级延时子程序
 114          输　入: 无
 115          输　出: 无
 116          说明:   
 117          晶振为11.0592M时            
C51 COMPILER V9.02   01                                                                    03/09/2017 22:24:38 PAGE 3   

 118          *****************************************************/
 119          void nms_delay(uint nms)
 120          {
 121   1              while(nms--)
 122   1              nus_delay(30);
 123   1      }


MODULE INFORMATION:   STATIC OVERLAYABLE
   CODE SIZE        =    222    ----
   CONSTANT SIZE    =   ----    ----
   XDATA SIZE       =   ----    ----
   PDATA SIZE       =   ----    ----
   DATA SIZE        =   ----       4
   IDATA SIZE       =   ----    ----
   BIT SIZE         =   ----    ----
END OF MODULE INFORMATION.


C51 COMPILATION COMPLETE.  0 WARNING(S),  0 ERROR(S)
