C51 COMPILER V9.02   DIGTIAL                                                               03/09/2017 22:24:38 PAGE 1   


C51 COMPILER V9.02, COMPILATION OF MODULE DIGTIAL
OBJECT MODULE PLACED IN digtial.OBJ
COMPILER INVOKED BY: d:\Keil\C51\BIN\C51.EXE digtial.c BROWSE DEBUG OBJECTEXTEND

line level    source

   1          #include<reg52.h>
   2          
   3          
   4          #define uint  unsigned int
   5          #define uchar unsigned char;
   6          
   7          
   8          sbit ADDR0 = P1 ^ 0;
   9          sbit ADDR1 = P1 ^ 1;
  10          sbit ADDR2 = P1 ^ 2;
  11          sbit ADDR3 = P1 ^ 3;
  12          sbit ENLED = P1 ^ 4;
  13          
  14          void main(){
  15   1      
  16   1              uint i,j,k;     
  17   1      
  18   1              ENLED = 0;
  19   1              ADDR3 = 1;
  20   1              ADDR2 = 0;
  21   1              ADDR1 = 0;
  22   1              ADDR0 = 0;
  23   1      
  24   1              while(1){
  25   2                      for(i=0;i<2;i++){
  26   3                              for(j=0;j<2;j++){
  27   4                                      for(k=0;k<2;k++){
  28   5                                              ADDR2 = i;
  29   5                                              ADDR1 = j;
  30   5                                              ADDR0 = k;
  31   5                                              P0 = ~0x06;
  32   5                                      }
  33   4                              }
  34   3                      }
  35   2              }
  36   1      }


MODULE INFORMATION:   STATIC OVERLAYABLE
   CODE SIZE        =     75    ----
   CONSTANT SIZE    =   ----    ----
   XDATA SIZE       =   ----    ----
   PDATA SIZE       =   ----    ----
   DATA SIZE        =   ----    ----
   IDATA SIZE       =   ----    ----
   BIT SIZE         =   ----    ----
END OF MODULE INFORMATION.


C51 COMPILATION COMPLETE.  0 WARNING(S),  0 ERROR(S)
