C51 COMPILER V9.02   KEY                                                                   03/20/2017 20:49:04 PAGE 1   


C51 COMPILER V9.02, COMPILATION OF MODULE KEY
OBJECT MODULE PLACED IN key.OBJ
COMPILER INVOKED BY: d:\Keil\C51\BIN\C51.EXE key.c BROWSE INCDIR(..\common) DEBUG OBJECTEXTEND

line level    source

   1          #include<reg52.h>
   2          #include<common.h>
   3          
   4          //按键中断回调函数
   5          void keyPressInterrputHandler();
   6          
   7          
   8          void main(){
   9   1              //bit keyStatus[4][2] ={{1,1},{1,1},{1,1},{1,1}}; 
  10   1              unsigned char keyStatus = 0x00;
  11   1              bit keyIn1Status = 1;
  12   1              uchar cnt = 0;
  13   1              //实始化74HC138译码器
  14   1              ENLED = 0;
  15   1              ADDR3 = 1;
  16   1              ADDR0 = 0;
  17   1              ADDR1 = 0;
  18   1              ADDR2 = 0;
  19   1      
  20   1              //设置key
  21   1              P2 = 0XF7;
  22   1      
  23   1              callBackType0 = &keyPressInterrputHandler; 
  24   1              //打开ETO中断
  25   1              openInterrupteET0();
  26   1              
  27   1      
  28   1              while(1){
  29   2                       
  30   2                       
  31   2                       if(KEYIN1 == 0){
  32   3                               delay(100);
  33   3                               if(keyIn1Status){
  34   4                                      keyIn1Status = 0;
  35   4                               }else{
  36   4                                      keyIn1Status = 1;
  37   4                               }
  38   3                       }
  39   2      
  40   2                      // LED0 = keyIn1Status;
  41   2                        
  42   2                      
  43   2                       if(KEYIN4 == 0){
  44   3                              delay(10);
  45   3                              cnt++; 
  46   3                              delay(10);
  47   3                       
  48   3                       } 
  49   2      
  50   2                       digitalNum = cnt;
  51   2                       //LED0 = keyStatus ^ 0x01; 
  52   2                       //LED1 = KEYIN2;
  53   2                       //LED2 = KEYIN3;
  54   2                      // LED3 = KEYIN4;
  55   2      
C51 COMPILER V9.02   KEY                                                                   03/20/2017 20:49:04 PAGE 2   

  56   2                       
  57   2              }
  58   1      }
  59          
  60          //按键中断回调函数
  61          void keyPressInterrputHandler(){
  62   1              showDigital(digitalNum);
  63   1      }
  64          
  65          void interruptTime0() interrupt 1 {
  66   1              set1MilliSecond();
  67   1              if(callBackType0){
  68   2                 (*callBackType0)();
  69   2              }
  70   1      }


MODULE INFORMATION:   STATIC OVERLAYABLE
   CODE SIZE        =    450    ----
   CONSTANT SIZE    =   ----    ----
   XDATA SIZE       =   ----    ----
   PDATA SIZE       =   ----    ----
   DATA SIZE        =     28       2
   IDATA SIZE       =   ----    ----
   BIT SIZE         =   ----       1
END OF MODULE INFORMATION.


C51 COMPILATION COMPLETE.  0 WARNING(S),  0 ERROR(S)
