C51 COMPILER V9.02   DIGTIAL                                                               03/12/2017 22:08:47 PAGE 1   


C51 COMPILER V9.02, COMPILATION OF MODULE DIGTIAL
OBJECT MODULE PLACED IN digtial.OBJ
COMPILER INVOKED BY: d:\Keil\C51\BIN\C51.EXE digtial.c BROWSE DEBUG OBJECTEXTEND

line level    source

   1          #include<reg52.h>
   2          
   3          #define uint unsigned int
   4          #define uchar unsigned char
   5          
   6          #define LED P0
   7          
   8          sbit ADDR0 = P1 ^ 0;
   9          sbit ADDR1 = P1 ^ 1;
  10          sbit ADDR2 = P1 ^ 2;
  11          sbit ADDR3 = P1 ^ 3;
  12          sbit ENLED = P1 ^ 4;
  13          sbit BUZZ = P1 ^ 6;
  14          
  15          void delay(uint nms);
  16          
  17          void main(){
  18   1              unsigned char LedChar[16] = {
  19   1                  0xC0, 0xF9, 0xA4, 0xB0, 0x99, 0x92, 0x82, 0xF8,
  20   1                  0x80, 0x90, 0x88, 0x83, 0xC6, 0xA1, 0x86, 0x8E
  21   1              };
  22   1              
  23   1              unsigned char LedBuff[] = {
  24   1                   0x00,  0x00, 0x00, 0x00, 0x00, 0x00
  25   1              };
  26   1      
  27   1      
  28   1              uint index=0,sec=0;
  29   1              
  30   1      
  31   1              ENLED = 0;
  32   1              ADDR3 = 1;
  33   1      
  34   1              ADDR2 = 1;
  35   1              ADDR1 = 1;
  36   1              ADDR0 = 0;
  37   1              
  38   1      
  39   1              while(1){
  40   2                       BUZZ = 0;
  41   2                      if(index % 1000 == 0){
  42   3                               sec++;
  43   3                               LedBuff[0]= LedChar[sec % 10] ;
  44   3                               LedBuff[1]= LedChar[sec/10 % 10] ;
  45   3                               LedBuff[2]= LedChar[sec/100 % 10] ;
  46   3                               LedBuff[3]= LedChar[sec/1000 % 10] ;
  47   3                               LedBuff[4]= LedChar[sec/10000 % 10] ;
  48   3                               LedBuff[5]= LedChar[sec/100000 % 10] ;
  49   3                               
  50   3                      }
  51   2                  
  52   2                      ENLED = 1;
  53   2                      switch(index++%6){
  54   3                              case 0 :  ADDR2 = 0;ADDR1 = 0;ADDR0 = 0; LED = LedBuff[0];      break;
  55   3                              case 1 :  ADDR2 = 0;ADDR1 = 0;ADDR0 = 1; LED = LedBuff[1];      break;
C51 COMPILER V9.02   DIGTIAL                                                               03/12/2017 22:08:47 PAGE 2   

  56   3                              case 2 :  ADDR2 = 0;ADDR1 = 1;ADDR0 = 0; LED = LedBuff[2];      break;
  57   3                              case 3 :  ADDR2 = 0;ADDR1 = 1;ADDR0 = 1; LED = LedBuff[3];      break;
  58   3                              case 4 :  ADDR2 = 1;ADDR1 = 0;ADDR0 = 0; LED = LedBuff[4];      break;
  59   3                              case 5 :  ADDR2 = 1;ADDR1 = 0;ADDR0 = 1; LED = LedBuff[5];      break;
  60   3                              default:
  61   3                                      break;
  62   3                      
  63   3                      }
  64   2      
  65   2                      ENLED = 0;
  66   2                      delay(1);
  67   2              }
  68   1      
  69   1              
  70   1      }
  71          
  72           
  73          void delay(uint nms){
  74   1              uint i,j = 0;
  75   1              //…Ë÷√TMOD ƒ£ Ω
  76   1              TMOD = 0x01;
  77   1              TH0 = 0xFC;
  78   1              TL0 = 0x67;     
  79   1              TR0 = 1;  
  80   1              for(i=0;i<nms;i++){
  81   2                      do{
  82   3                              if(TF0 == 1){
  83   4                                      TF0 = 0;
  84   4                                      TH0 = 0xFC;
  85   4                                      TL0 = 0x67;
  86   4                                      j++;
  87   4                              }
  88   3                      }               
  89   2                      while(j<1);     
  90   2              }  
  91   1      }


MODULE INFORMATION:   STATIC OVERLAYABLE
   CODE SIZE        =    411    ----
   CONSTANT SIZE    =     22    ----
   XDATA SIZE       =   ----    ----
   PDATA SIZE       =   ----    ----
   DATA SIZE        =   ----      26
   IDATA SIZE       =   ----    ----
   BIT SIZE         =   ----    ----
END OF MODULE INFORMATION.


C51 COMPILATION COMPLETE.  0 WARNING(S),  0 ERROR(S)
